# JRE version: OpenJDK Runtime Environment (21.0.4) (build 21.0.4+-12508038-b607.1)
# Java VM: OpenJDK 64-Bit Server VM (21.0.4+-12508038-b607.1, mixed mode, tiered, compressed oops, compressed class ptrs, g1 gc, windows-amd64)
GC Precious Log:
 CardTable entry size: 512
 Card Set container configuration: InlinePtr #cards 5 size 8 Array Of Cards #cards 12 size 40 Howl #buckets 4 coarsen threshold 1843 Howl Bitmap #cards 512 size 80 coarsen threshold 460 Card regions per heap region 1 cards per card region 2048
 CPUs: 4 total, 4 available
 Memory: 16267M
 Large Page Support: Disabled
 NUMA Support: Disabled
 Compressed Oops: Enabled (32-bit)
 Heap Region Size: 1M
 Heap Min Capacity: 8M
 Heap Initial Capacity: 256M
 Heap Max Capacity: 2G
 Pre-touch: Disabled
 Parallel Workers: 4
 Concurrent Workers: 1
 Concurrent Refinement Workers: 4
 Periodic GC: Disabled
Heap:
 garbage-first heap   total 285696K, used 246833K [0x0000000080000000, 0x0000000100000000)
  region size 1024K, 79 young (80896K), 4 survivors (4096K)
 Metaspace       used 130958K, committed 133376K, reserved 1179648K
  class space    used 17492K, committed 18688K, reserved 1048576K
GC Heap History (20 events):
Event: 39.311 GC heap after
{Heap after GC invocations=62 (full 0):
 garbage-first heap   total 227328K, used 139608K [0x0000000080000000, 0x0000000100000000)
  region size 1024K, 6 young (6144K), 6 survivors (6144K)
 Metaspace       used 128649K, committed 130944K, reserved 1179648K
  class space    used 17267K, committed 18432K, reserved 1048576K
}
Event: 45.235 GC heap before
{Heap before GC invocations=62 (full 0):
 garbage-first heap   total 227328K, used 203096K [0x0000000080000000, 0x0000000100000000)
  region size 1024K, 69 young (70656K), 6 survivors (6144K)
 Metaspace       used 129276K, committed 131584K, reserved 1179648K
  class space    used 17305K, committed 18432K, reserved 1048576K
}
Event: 45.249 GC heap after
{Heap after GC invocations=63 (full 0):
 garbage-first heap   total 273408K, used 146716K [0x0000000080000000, 0x0000000100000000)
  region size 1024K, 9 young (9216K), 9 survivors (9216K)
 Metaspace       used 129276K, committed 131584K, reserved 1179648K
  class space    used 17305K, committed 18432K, reserved 1048576K
}
Event: 46.601 GC heap before
{Heap before GC invocations=63 (full 0):
 garbage-first heap   total 273408K, used 240924K [0x0000000080000000, 0x0000000100000000)
  region size 1024K, 101 young (103424K), 9 survivors (9216K)
 Metaspace       used 129289K, committed 131584K, reserved 1179648K
  class space    used 17305K, committed 18432K, reserved 1048576K
}
Event: 46.609 GC heap after
{Heap after GC invocations=64 (full 0):
 garbage-first heap   total 273408K, used 149225K [0x0000000080000000, 0x0000000100000000)
  region size 1024K, 5 young (5120K), 5 survivors (5120K)
 Metaspace       used 129289K, committed 131584K, reserved 1179648K
  class space    used 17305K, committed 18432K, reserved 1048576K
}
Event: 47.513 GC heap before
{Heap before GC invocations=64 (full 0):
 garbage-first heap   total 273408K, used 212713K [0x0000000080000000, 0x0000000100000000)
  region size 1024K, 69 young (70656K), 5 survivors (5120K)
 Metaspace       used 129823K, committed 132224K, reserved 1179648K
  class space    used 17406K, committed 18624K, reserved 1048576K
}
Event: 47.520 GC heap after
{Heap after GC invocations=65 (full 0):
 garbage-first heap   total 273408K, used 151552K [0x0000000080000000, 0x0000000100000000)
  region size 1024K, 7 young (7168K), 7 survivors (7168K)
 Metaspace       used 129823K, committed 132224K, reserved 1179648K
  class space    used 17406K, committed 18624K, reserved 1048576K
}
Event: 48.538 GC heap before
{Heap before GC invocations=66 (full 0):
 garbage-first heap   total 273408K, used 247808K [0x0000000080000000, 0x0000000100000000)
  region size 1024K, 101 young (103424K), 7 survivors (7168K)
 Metaspace       used 129958K, committed 132352K, reserved 1179648K
  class space    used 17410K, committed 18624K, reserved 1048576K
}
Event: 48.547 GC heap after
{Heap after GC invocations=67 (full 0):
 garbage-first heap   total 273408K, used 155636K [0x0000000080000000, 0x0000000100000000)
  region size 1024K, 9 young (9216K), 9 survivors (9216K)
 Metaspace       used 129958K, committed 132352K, reserved 1179648K
  class space    used 17410K, committed 18624K, reserved 1048576K
}
Event: 49.500 GC heap before
{Heap before GC invocations=67 (full 0):
 garbage-first heap   total 273408K, used 248820K [0x0000000080000000, 0x0000000100000000)
  region size 1024K, 100 young (102400K), 9 survivors (9216K)
 Metaspace       used 130100K, committed 132480K, reserved 1179648K
  class space    used 17425K, committed 18624K, reserved 1048576K
}
Event: 49.514 GC heap after
{Heap after GC invocations=68 (full 0):
 garbage-first heap   total 273408K, used 157260K [0x0000000080000000, 0x0000000100000000)
  region size 1024K, 11 young (11264K), 11 survivors (11264K)
 Metaspace       used 130100K, committed 132480K, reserved 1179648K
  class space    used 17425K, committed 18624K, reserved 1048576K
}
Event: 50.513 GC heap before
{Heap before GC invocations=68 (full 0):
 garbage-first heap   total 273408K, used 246348K [0x0000000080000000, 0x0000000100000000)
  region size 1024K, 99 young (101376K), 11 survivors (11264K)
 Metaspace       used 130258K, committed 132672K, reserved 1179648K
  class space    used 17450K, committed 18688K, reserved 1048576K
}
Event: 50.526 GC heap after
{Heap after GC invocations=69 (full 0):
 garbage-first heap   total 273408K, used 159648K [0x0000000080000000, 0x0000000100000000)
  region size 1024K, 9 young (9216K), 9 survivors (9216K)
 Metaspace       used 130258K, committed 132672K, reserved 1179648K
  class space    used 17450K, committed 18688K, reserved 1048576K
}
Event: 52.431 GC heap before
{Heap before GC invocations=70 (full 0):
 garbage-first heap   total 273408K, used 248736K [0x0000000080000000, 0x0000000100000000)
  region size 1024K, 97 young (99328K), 9 survivors (9216K)
 Metaspace       used 130692K, committed 133056K, reserved 1179648K
  class space    used 17479K, committed 18688K, reserved 1048576K
}
Event: 52.443 GC heap after
{Heap after GC invocations=71 (full 0):
 garbage-first heap   total 273408K, used 165061K [0x0000000080000000, 0x0000000100000000)
  region size 1024K, 10 young (10240K), 10 survivors (10240K)
 Metaspace       used 130692K, committed 133056K, reserved 1179648K
  class space    used 17479K, committed 18688K, reserved 1048576K
}
Event: 55.686 GC heap before
{Heap before GC invocations=71 (full 0):
 garbage-first heap   total 273408K, used 246981K [0x0000000080000000, 0x0000000100000000)
  region size 1024K, 91 young (93184K), 10 survivors (10240K)
 Metaspace       used 130806K, committed 133184K, reserved 1179648K
  class space    used 17481K, committed 18688K, reserved 1048576K
}
Event: 55.700 GC heap after
{Heap after GC invocations=72 (full 0):
 garbage-first heap   total 273408K, used 167579K [0x0000000080000000, 0x0000000100000000)
  region size 1024K, 7 young (7168K), 7 survivors (7168K)
 Metaspace       used 130806K, committed 133184K, reserved 1179648K
  class space    used 17481K, committed 18688K, reserved 1048576K
}
Event: 57.266 GC heap before
{Heap before GC invocations=72 (full 0):
 garbage-first heap   total 273408K, used 250523K [0x0000000080000000, 0x0000000100000000)
  region size 1024K, 89 young (91136K), 7 survivors (7168K)
 Metaspace       used 130957K, committed 133376K, reserved 1179648K
  class space    used 17492K, committed 18688K, reserved 1048576K
}
Event: 57.275 GC heap after
{Heap after GC invocations=73 (full 0):
 garbage-first heap   total 273408K, used 170037K [0x0000000080000000, 0x0000000100000000)
  region size 1024K, 10 young (10240K), 10 survivors (10240K)
 Metaspace       used 130957K, committed 133376K, reserved 1179648K
  class space    used 17492K, committed 18688K, reserved 1048576K
}
Event: 59.544 GC heap before
{Heap before GC invocations=74 (full 0):
 garbage-first heap   total 285696K, used 245813K [0x0000000080000000, 0x0000000100000000)
  region size 1024K, 85 young (87040K), 10 survivors (10240K)
 Metaspace       used 130958K, committed 133376K, reserved 1179648K
  class space    used 17492K, committed 18688K, reserved 1048576K
}

