# JRE version: OpenJDK Runtime Environment (21.0.4) (build 21.0.4+-12508038-b607.1)
# Java VM: OpenJDK 64-Bit Server VM (21.0.4+-12508038-b607.1, mixed mode, tiered, compressed oops, compressed class ptrs, g1 gc, windows-amd64)
GC Precious Log:
 CardTable entry size: 512
 Card Set container configuration: InlinePtr #cards 4 size 8 Array Of Cards #cards 16 size 48 Howl #buckets 8 coarsen threshold 3686 Howl Bitmap #cards 512 size 80 coarsen threshold 460 Card regions per heap region 1 cards per card region 4096
 CPUs: 4 total, 4 available
 Memory: 16267M
 Large Page Support: Disabled
 NUMA Support: Disabled
 Compressed Oops: Enabled (Zero based)
 Heap Region Size: 2M
 Heap Min Capacity: 8M
 Heap Initial Capacity: 256M
 Heap Max Capacity: 4068M
 Pre-touch: Disabled
 Parallel Workers: 4
 Concurrent Workers: 1
 Concurrent Refinement Workers: 4
 Periodic GC: Disabled
Heap:
 garbage-first heap   total 276480K, used 134568K [0x0000000701c00000, 0x0000000800000000)
  region size 2048K, 8 young (16384K), 7 survivors (14336K)
 Metaspace       used 58796K, committed 59136K, reserved 1114112K
  class space    used 6342K, committed 6528K, reserved 1048576K
GC Heap History (20 events):
Event: 1.824 GC heap before
{Heap before GC invocations=5 (full 0):
 garbage-first heap   total 53248K, used 33939K [0x0000000701c00000, 0x0000000800000000)
  region size 2048K, 14 young (28672K), 6 survivors (12288K)
 Metaspace       used 25189K, committed 25472K, reserved 1114112K
  class space    used 2644K, committed 2752K, reserved 1048576K
}
Event: 1.842 GC heap after
{Heap after GC invocations=6 (full 0):
 garbage-first heap   total 55296K, used 24576K [0x0000000701c00000, 0x0000000800000000)
  region size 2048K, 2 young (4096K), 2 survivors (4096K)
 Metaspace       used 25189K, committed 25472K, reserved 1114112K
  class space    used 2644K, committed 2752K, reserved 1048576K
}
Event: 2.161 GC heap before
{Heap before GC invocations=6 (full 0):
 garbage-first heap   total 55296K, used 38912K [0x0000000701c00000, 0x0000000800000000)
  region size 2048K, 9 young (18432K), 2 survivors (4096K)
 Metaspace       used 27599K, committed 27904K, reserved 1114112K
  class space    used 2898K, committed 3008K, reserved 1048576K
}
Event: 2.168 GC heap after
{Heap after GC invocations=7 (full 0):
 garbage-first heap   total 55296K, used 27121K [0x0000000701c00000, 0x0000000800000000)
  region size 2048K, 2 young (4096K), 2 survivors (4096K)
 Metaspace       used 27599K, committed 27904K, reserved 1114112K
  class space    used 2898K, committed 3008K, reserved 1048576K
}
Event: 2.310 GC heap before
{Heap before GC invocations=7 (full 0):
 garbage-first heap   total 55296K, used 39409K [0x0000000701c00000, 0x0000000800000000)
  region size 2048K, 8 young (16384K), 2 survivors (4096K)
 Metaspace       used 28744K, committed 28992K, reserved 1114112K
  class space    used 3011K, committed 3136K, reserved 1048576K
}
Event: 2.316 GC heap after
{Heap after GC invocations=8 (full 0):
 garbage-first heap   total 159744K, used 29222K [0x0000000701c00000, 0x0000000800000000)
  region size 2048K, 1 young (2048K), 1 survivors (2048K)
 Metaspace       used 28744K, committed 28992K, reserved 1114112K
  class space    used 3011K, committed 3136K, reserved 1048576K
}
Event: 2.932 GC heap before
{Heap before GC invocations=8 (full 0):
 garbage-first heap   total 159744K, used 53798K [0x0000000701c00000, 0x0000000800000000)
  region size 2048K, 15 young (30720K), 1 survivors (2048K)
 Metaspace       used 35785K, committed 35968K, reserved 1114112K
  class space    used 4260K, committed 4352K, reserved 1048576K
}
Event: 2.938 GC heap after
{Heap after GC invocations=9 (full 0):
 garbage-first heap   total 159744K, used 32581K [0x0000000701c00000, 0x0000000800000000)
  region size 2048K, 3 young (6144K), 3 survivors (6144K)
 Metaspace       used 35785K, committed 35968K, reserved 1114112K
  class space    used 4260K, committed 4352K, reserved 1048576K
}
Event: 4.890 GC heap before
{Heap before GC invocations=10 (full 0):
 garbage-first heap   total 116736K, used 114501K [0x0000000701c00000, 0x0000000800000000)
  region size 2048K, 43 young (88064K), 3 survivors (6144K)
 Metaspace       used 43565K, committed 43840K, reserved 1114112K
  class space    used 4963K, committed 5056K, reserved 1048576K
}
Event: 4.928 GC heap after
{Heap after GC invocations=11 (full 0):
 garbage-first heap   total 141312K, used 50274K [0x0000000701c00000, 0x0000000800000000)
  region size 2048K, 6 young (12288K), 6 survivors (12288K)
 Metaspace       used 43565K, committed 43840K, reserved 1114112K
  class space    used 4963K, committed 5056K, reserved 1048576K
}
Event: 4.966 GC heap before
{Heap before GC invocations=11 (full 0):
 garbage-first heap   total 141312K, used 52322K [0x0000000701c00000, 0x0000000800000000)
  region size 2048K, 7 young (14336K), 6 survivors (12288K)
 Metaspace       used 43575K, committed 43840K, reserved 1114112K
  class space    used 4963K, committed 5056K, reserved 1048576K
}
Event: 4.980 GC heap after
{Heap after GC invocations=12 (full 0):
 garbage-first heap   total 141312K, used 52722K [0x0000000701c00000, 0x0000000800000000)
  region size 2048K, 1 young (2048K), 1 survivors (2048K)
 Metaspace       used 43575K, committed 43840K, reserved 1114112K
  class space    used 4963K, committed 5056K, reserved 1048576K
}
Event: 5.730 GC heap before
{Heap before GC invocations=12 (full 0):
 garbage-first heap   total 141312K, used 97778K [0x0000000701c00000, 0x0000000800000000)
  region size 2048K, 23 young (47104K), 1 survivors (2048K)
 Metaspace       used 43945K, committed 44160K, reserved 1114112K
  class space    used 4982K, committed 5056K, reserved 1048576K
}
Event: 5.745 GC heap after
{Heap after GC invocations=13 (full 0):
 garbage-first heap   total 276480K, used 66275K [0x0000000701c00000, 0x0000000800000000)
  region size 2048K, 3 young (6144K), 3 survivors (6144K)
 Metaspace       used 43945K, committed 44160K, reserved 1114112K
  class space    used 4982K, committed 5056K, reserved 1048576K
}
Event: 9.600 GC heap before
{Heap before GC invocations=13 (full 0):
 garbage-first heap   total 276480K, used 191203K [0x0000000701c00000, 0x0000000800000000)
  region size 2048K, 65 young (133120K), 3 survivors (6144K)
 Metaspace       used 51559K, committed 51904K, reserved 1114112K
  class space    used 5674K, committed 5824K, reserved 1048576K
}
Event: 9.626 GC heap after
{Heap after GC invocations=14 (full 0):
 garbage-first heap   total 276480K, used 96024K [0x0000000701c00000, 0x0000000800000000)
  region size 2048K, 9 young (18432K), 9 survivors (18432K)
 Metaspace       used 51559K, committed 51904K, reserved 1114112K
  class space    used 5674K, committed 5824K, reserved 1048576K
}
Event: 10.738 GC heap before
{Heap before GC invocations=14 (full 0):
 garbage-first heap   total 276480K, used 186136K [0x0000000701c00000, 0x0000000800000000)
  region size 2048K, 53 young (108544K), 9 survivors (18432K)
 Metaspace       used 52416K, committed 52736K, reserved 1114112K
  class space    used 5722K, committed 5888K, reserved 1048576K
}
Event: 10.760 GC heap after
{Heap after GC invocations=15 (full 0):
 garbage-first heap   total 276480K, used 118476K [0x0000000701c00000, 0x0000000800000000)
  region size 2048K, 7 young (14336K), 7 survivors (14336K)
 Metaspace       used 52416K, committed 52736K, reserved 1114112K
  class space    used 5722K, committed 5888K, reserved 1048576K
}
Event: 14.335 GC heap before
{Heap before GC invocations=15 (full 0):
 garbage-first heap   total 276480K, used 192204K [0x0000000701c00000, 0x0000000800000000)
  region size 2048K, 44 young (90112K), 7 survivors (14336K)
 Metaspace       used 58699K, committed 59008K, reserved 1114112K
  class space    used 6333K, committed 6464K, reserved 1048576K
}
Event: 14.353 GC heap after
{Heap after GC invocations=16 (full 0):
 garbage-first heap   total 276480K, used 134568K [0x0000000701c00000, 0x0000000800000000)
  region size 2048K, 7 young (14336K), 7 survivors (14336K)
 Metaspace       used 58699K, committed 59008K, reserved 1114112K
  class space    used 6333K, committed 6464K, reserved 1048576K
}

