# JRE version: OpenJDK Runtime Environment (21.0.4) (build 21.0.4+-12508038-b607.1)
# Java VM: OpenJDK 64-Bit Server VM (21.0.4+-12508038-b607.1, mixed mode, tiered, compressed oops, compressed class ptrs, g1 gc, windows-amd64)
GC Precious Log:
 CardTable entry size: 512
 Card Set container configuration: InlinePtr #cards 5 size 8 Array Of Cards #cards 12 size 40 Howl #buckets 4 coarsen threshold 1843 Howl Bitmap #cards 512 size 80 coarsen threshold 460 Card regions per heap region 1 cards per card region 2048
 CPUs: 4 total, 4 available
 Memory: 16267M
 Large Page Support: Disabled
 NUMA Support: Disabled
 Compressed Oops: Enabled (32-bit)
 Heap Region Size: 1M
 Heap Min Capacity: 8M
 Heap Initial Capacity: 256M
 Heap Max Capacity: 2G
 Pre-touch: Disabled
 Parallel Workers: 4
 Concurrent Workers: 1
 Concurrent Refinement Workers: 4
 Periodic GC: Disabled
Heap:
 garbage-first heap   total 220160K, used 192485K [0x0000000080000000, 0x0000000100000000)
  region size 1024K, 66 young (67584K), 7 survivors (7168K)
 Metaspace       used 116910K, committed 119168K, reserved 1179648K
  class space    used 15847K, committed 16960K, reserved 1048576K
GC Heap History (20 events):
Event: 74.313 GC heap after
{Heap after GC invocations=35 (full 0):
 garbage-first heap   total 157696K, used 94911K [0x0000000080000000, 0x0000000100000000)
  region size 1024K, 5 young (5120K), 5 survivors (5120K)
 Metaspace       used 80863K, committed 82688K, reserved 1179648K
  class space    used 10916K, committed 11840K, reserved 1048576K
}
Event: 76.482 GC heap before
{Heap before GC invocations=36 (full 0):
 garbage-first heap   total 158720K, used 153279K [0x0000000080000000, 0x0000000100000000)
  region size 1024K, 52 young (53248K), 5 survivors (5120K)
 Metaspace       used 83954K, committed 85824K, reserved 1179648K
  class space    used 11296K, committed 12224K, reserved 1048576K
}
Event: 76.488 GC heap after
{Heap after GC invocations=37 (full 0):
 garbage-first heap   total 166912K, used 112264K [0x0000000080000000, 0x0000000100000000)
  region size 1024K, 7 young (7168K), 7 survivors (7168K)
 Metaspace       used 83954K, committed 85824K, reserved 1179648K
  class space    used 11296K, committed 12224K, reserved 1048576K
}
Event: 77.168 GC heap before
{Heap before GC invocations=37 (full 0):
 garbage-first heap   total 166912K, used 149128K [0x0000000080000000, 0x0000000100000000)
  region size 1024K, 44 young (45056K), 7 survivors (7168K)
 Metaspace       used 88242K, committed 90176K, reserved 1179648K
  class space    used 11684K, committed 12672K, reserved 1048576K
}
Event: 77.174 GC heap after
{Heap after GC invocations=38 (full 0):
 garbage-first heap   total 166912K, used 113445K [0x0000000080000000, 0x0000000100000000)
  region size 1024K, 2 young (2048K), 2 survivors (2048K)
 Metaspace       used 88242K, committed 90176K, reserved 1179648K
  class space    used 11684K, committed 12672K, reserved 1048576K
}
Event: 79.151 GC heap before
{Heap before GC invocations=38 (full 0):
 garbage-first heap   total 166912K, used 144165K [0x0000000080000000, 0x0000000100000000)
  region size 1024K, 33 young (33792K), 2 survivors (2048K)
 Metaspace       used 91189K, committed 93248K, reserved 1179648K
  class space    used 12148K, committed 13184K, reserved 1048576K
}
Event: 79.156 GC heap after
{Heap after GC invocations=39 (full 0):
 garbage-first heap   total 166912K, used 115336K [0x0000000080000000, 0x0000000100000000)
  region size 1024K, 4 young (4096K), 4 survivors (4096K)
 Metaspace       used 91189K, committed 93248K, reserved 1179648K
  class space    used 12148K, committed 13184K, reserved 1048576K
}
Event: 81.434 GC heap before
{Heap before GC invocations=40 (full 0):
 garbage-first heap   total 199680K, used 155272K [0x0000000080000000, 0x0000000100000000)
  region size 1024K, 39 young (39936K), 4 survivors (4096K)
 Metaspace       used 92992K, committed 95040K, reserved 1179648K
  class space    used 12408K, committed 13440K, reserved 1048576K
}
Event: 81.440 GC heap after
{Heap after GC invocations=41 (full 0):
 garbage-first heap   total 199680K, used 119380K [0x0000000080000000, 0x0000000100000000)
  region size 1024K, 5 young (5120K), 5 survivors (5120K)
 Metaspace       used 92992K, committed 95040K, reserved 1179648K
  class space    used 12408K, committed 13440K, reserved 1048576K
}
Event: 85.883 GC heap before
{Heap before GC invocations=41 (full 0):
 garbage-first heap   total 199680K, used 172628K [0x0000000080000000, 0x0000000100000000)
  region size 1024K, 57 young (58368K), 5 survivors (5120K)
 Metaspace       used 98233K, committed 100352K, reserved 1179648K
  class space    used 13067K, committed 14144K, reserved 1048576K
}
Event: 85.893 GC heap after
{Heap after GC invocations=42 (full 0):
 garbage-first heap   total 199680K, used 121669K [0x0000000080000000, 0x0000000100000000)
  region size 1024K, 7 young (7168K), 7 survivors (7168K)
 Metaspace       used 98233K, committed 100352K, reserved 1179648K
  class space    used 13067K, committed 14144K, reserved 1048576K
}
Event: 87.889 GC heap before
{Heap before GC invocations=42 (full 0):
 garbage-first heap   total 199680K, used 174917K [0x0000000080000000, 0x0000000100000000)
  region size 1024K, 59 young (60416K), 7 survivors (7168K)
 Metaspace       used 102053K, committed 104128K, reserved 1179648K
  class space    used 13582K, committed 14656K, reserved 1048576K
}
Event: 87.896 GC heap after
{Heap after GC invocations=43 (full 0):
 garbage-first heap   total 199680K, used 124186K [0x0000000080000000, 0x0000000100000000)
  region size 1024K, 6 young (6144K), 6 survivors (6144K)
 Metaspace       used 102053K, committed 104128K, reserved 1179648K
  class space    used 13582K, committed 14656K, reserved 1048576K
}
Event: 99.083 GC heap before
{Heap before GC invocations=44 (full 0):
 garbage-first heap   total 208896K, used 178458K [0x0000000080000000, 0x0000000100000000)
  region size 1024K, 59 young (60416K), 6 survivors (6144K)
 Metaspace       used 103448K, committed 105536K, reserved 1179648K
  class space    used 13779K, committed 14848K, reserved 1048576K
}
Event: 99.091 GC heap after
{Heap after GC invocations=45 (full 0):
 garbage-first heap   total 208896K, used 128943K [0x0000000080000000, 0x0000000100000000)
  region size 1024K, 7 young (7168K), 7 survivors (7168K)
 Metaspace       used 103448K, committed 105536K, reserved 1179648K
  class space    used 13779K, committed 14848K, reserved 1048576K
}
Event: 100.450 GC heap before
{Heap before GC invocations=45 (full 0):
 garbage-first heap   total 208896K, used 187311K [0x0000000080000000, 0x0000000100000000)
  region size 1024K, 64 young (65536K), 7 survivors (7168K)
 Metaspace       used 107999K, committed 110208K, reserved 1179648K
  class space    used 14376K, committed 15488K, reserved 1048576K
}
Event: 100.458 GC heap after
{Heap after GC invocations=46 (full 0):
 garbage-first heap   total 208896K, used 130354K [0x0000000080000000, 0x0000000100000000)
  region size 1024K, 3 young (3072K), 3 survivors (3072K)
 Metaspace       used 107999K, committed 110208K, reserved 1179648K
  class space    used 14376K, committed 15488K, reserved 1048576K
}
Event: 107.240 GC heap before
{Heap before GC invocations=46 (full 0):
 garbage-first heap   total 208896K, used 189746K [0x0000000080000000, 0x0000000100000000)
  region size 1024K, 61 young (62464K), 3 survivors (3072K)
 Metaspace       used 113066K, committed 115200K, reserved 1179648K
  class space    used 15252K, committed 16320K, reserved 1048576K
}
Event: 107.245 GC heap after
{Heap after GC invocations=47 (full 0):
 garbage-first heap   total 208896K, used 132069K [0x0000000080000000, 0x0000000100000000)
  region size 1024K, 4 young (4096K), 4 survivors (4096K)
 Metaspace       used 113066K, committed 115200K, reserved 1179648K
  class space    used 15252K, committed 16320K, reserved 1048576K
}
Event: 110.600 GC heap before
{Heap before GC invocations=48 (full 0):
 garbage-first heap   total 220160K, used 192485K [0x0000000080000000, 0x0000000100000000)
  region size 1024K, 63 young (64512K), 4 survivors (4096K)
 Metaspace       used 116910K, committed 119168K, reserved 1179648K
  class space    used 15847K, committed 16960K, reserved 1048576K
}

