# JRE version: OpenJDK Runtime Environment (21.0.4) (build 21.0.4+-12508038-b607.1)
# Java VM: OpenJDK 64-Bit Server VM (21.0.4+-12508038-b607.1, mixed mode, tiered, compressed oops, compressed class ptrs, g1 gc, windows-amd64)
GC Precious Log:
 CardTable entry size: 512
 Card Set container configuration: InlinePtr #cards 5 size 8 Array Of Cards #cards 12 size 40 Howl #buckets 4 coarsen threshold 1843 Howl Bitmap #cards 512 size 80 coarsen threshold 460 Card regions per heap region 1 cards per card region 2048
 CPUs: 4 total, 4 available
 Memory: 16267M
 Large Page Support: Disabled
 NUMA Support: Disabled
 Compressed Oops: Enabled (32-bit)
 Heap Region Size: 1M
 Heap Min Capacity: 8M
 Heap Initial Capacity: 256M
 Heap Max Capacity: 2G
 Pre-touch: Disabled
 Parallel Workers: 4
 Concurrent Workers: 1
 Concurrent Refinement Workers: 4
 Periodic GC: Disabled
Heap:
 garbage-first heap   total 411648K, used 374877K [0x0000000080000000, 0x0000000100000000)
  region size 1024K, 123 young (125952K), 8 survivors (8192K)
 Metaspace       used 214306K, committed 217152K, reserved 1245184K
  class space    used 26535K, committed 27904K, reserved 1048576K
GC Heap History (20 events):
Event: 71.343 GC heap after
{Heap after GC invocations=91 (full 0):
 garbage-first heap   total 399360K, used 221139K [0x0000000080000000, 0x0000000100000000)
  region size 1024K, 18 young (18432K), 18 survivors (18432K)
 Metaspace       used 192421K, committed 195200K, reserved 1245184K
  class space    used 23850K, committed 25216K, reserved 1048576K
}
Event: 72.107 GC heap before
{Heap before GC invocations=91 (full 0):
 garbage-first heap   total 399360K, used 273363K [0x0000000080000000, 0x0000000100000000)
  region size 1024K, 71 young (72704K), 18 survivors (18432K)
 Metaspace       used 193818K, committed 196608K, reserved 1245184K
  class space    used 23951K, committed 25344K, reserved 1048576K
}
Event: 72.119 GC heap after
{Heap after GC invocations=92 (full 0):
 garbage-first heap   total 399360K, used 207854K [0x0000000080000000, 0x0000000100000000)
  region size 1024K, 7 young (7168K), 7 survivors (7168K)
 Metaspace       used 193818K, committed 196608K, reserved 1245184K
  class space    used 23951K, committed 25344K, reserved 1048576K
}
Event: 74.745 GC heap before
{Heap before GC invocations=93 (full 0):
 garbage-first heap   total 399360K, used 388078K [0x0000000080000000, 0x0000000100000000)
  region size 1024K, 165 young (168960K), 7 survivors (7168K)
 Metaspace       used 200721K, committed 203584K, reserved 1245184K
  class space    used 24817K, committed 26240K, reserved 1048576K
}
Event: 74.761 GC heap after
{Heap after GC invocations=94 (full 0):
 garbage-first heap   total 408576K, used 233966K [0x0000000080000000, 0x0000000100000000)
  region size 1024K, 18 young (18432K), 18 survivors (18432K)
 Metaspace       used 200721K, committed 203584K, reserved 1245184K
  class space    used 24817K, committed 26240K, reserved 1048576K
}
Event: 76.394 GC heap before
{Heap before GC invocations=94 (full 0):
 garbage-first heap   total 408576K, used 368110K [0x0000000080000000, 0x0000000100000000)
  region size 1024K, 149 young (152576K), 18 survivors (18432K)
 Metaspace       used 200721K, committed 203584K, reserved 1245184K
  class space    used 24817K, committed 26240K, reserved 1048576K
}
Event: 76.414 GC heap after
{Heap after GC invocations=95 (full 0):
 garbage-first heap   total 408576K, used 233635K [0x0000000080000000, 0x0000000100000000)
  region size 1024K, 7 young (7168K), 7 survivors (7168K)
 Metaspace       used 200721K, committed 203584K, reserved 1245184K
  class space    used 24817K, committed 26240K, reserved 1048576K
}
Event: 78.571 GC heap before
{Heap before GC invocations=95 (full 0):
 garbage-first heap   total 408576K, used 379043K [0x0000000080000000, 0x0000000100000000)
  region size 1024K, 149 young (152576K), 7 survivors (7168K)
 Metaspace       used 200723K, committed 203584K, reserved 1245184K
  class space    used 24817K, committed 26240K, reserved 1048576K
}
Event: 78.581 GC heap after
{Heap after GC invocations=96 (full 0):
 garbage-first heap   total 408576K, used 238108K [0x0000000080000000, 0x0000000100000000)
  region size 1024K, 11 young (11264K), 11 survivors (11264K)
 Metaspace       used 200723K, committed 203584K, reserved 1245184K
  class space    used 24817K, committed 26240K, reserved 1048576K
}
Event: 79.878 GC heap before
{Heap before GC invocations=97 (full 0):
 garbage-first heap   total 408576K, used 375324K [0x0000000080000000, 0x0000000100000000)
  region size 1024K, 145 young (148480K), 11 survivors (11264K)
 Metaspace       used 200723K, committed 203584K, reserved 1245184K
  class space    used 24817K, committed 26240K, reserved 1048576K
}
Event: 79.889 GC heap after
{Heap after GC invocations=98 (full 0):
 garbage-first heap   total 408576K, used 241922K [0x0000000080000000, 0x0000000100000000)
  region size 1024K, 11 young (11264K), 11 survivors (11264K)
 Metaspace       used 200723K, committed 203584K, reserved 1245184K
  class space    used 24817K, committed 26240K, reserved 1048576K
}
Event: 81.436 GC heap before
{Heap before GC invocations=98 (full 0):
 garbage-first heap   total 408576K, used 375042K [0x0000000080000000, 0x0000000100000000)
  region size 1024K, 141 young (144384K), 11 survivors (11264K)
 Metaspace       used 200723K, committed 203584K, reserved 1245184K
  class space    used 24817K, committed 26240K, reserved 1048576K
}
Event: 81.453 GC heap after
{Heap after GC invocations=99 (full 0):
 garbage-first heap   total 408576K, used 242089K [0x0000000080000000, 0x0000000100000000)
  region size 1024K, 11 young (11264K), 11 survivors (11264K)
 Metaspace       used 200723K, committed 203584K, reserved 1245184K
  class space    used 24817K, committed 26240K, reserved 1048576K
}
Event: 82.435 GC heap before
{Heap before GC invocations=99 (full 0):
 garbage-first heap   total 408576K, used 375209K [0x0000000080000000, 0x0000000100000000)
  region size 1024K, 141 young (144384K), 11 survivors (11264K)
 Metaspace       used 200723K, committed 203584K, reserved 1245184K
  class space    used 24817K, committed 26240K, reserved 1048576K
}
Event: 82.446 GC heap after
{Heap after GC invocations=100 (full 0):
 garbage-first heap   total 408576K, used 245939K [0x0000000080000000, 0x0000000100000000)
  region size 1024K, 11 young (11264K), 11 survivors (11264K)
 Metaspace       used 200723K, committed 203584K, reserved 1245184K
  class space    used 24817K, committed 26240K, reserved 1048576K
}
Event: 83.673 GC heap before
{Heap before GC invocations=101 (full 0):
 garbage-first heap   total 411648K, used 393395K [0x0000000080000000, 0x0000000100000000)
  region size 1024K, 137 young (140288K), 11 survivors (11264K)
 Metaspace       used 203204K, committed 206080K, reserved 1245184K
  class space    used 25015K, committed 26432K, reserved 1048576K
}
Event: 83.684 GC heap after
{Heap after GC invocations=102 (full 0):
 garbage-first heap   total 411648K, used 250524K [0x0000000080000000, 0x0000000100000000)
  region size 1024K, 11 young (11264K), 11 survivors (11264K)
 Metaspace       used 203204K, committed 206080K, reserved 1245184K
  class space    used 25015K, committed 26432K, reserved 1048576K
}
Event: 85.960 GC heap before
{Heap before GC invocations=102 (full 0):
 garbage-first heap   total 411648K, used 379548K [0x0000000080000000, 0x0000000100000000)
  region size 1024K, 135 young (138240K), 11 survivors (11264K)
 Metaspace       used 214239K, committed 217088K, reserved 1245184K
  class space    used 26533K, committed 27904K, reserved 1048576K
}
Event: 85.976 GC heap after
{Heap after GC invocations=103 (full 0):
 garbage-first heap   total 411648K, used 257117K [0x0000000080000000, 0x0000000100000000)
  region size 1024K, 14 young (14336K), 14 survivors (14336K)
 Metaspace       used 214239K, committed 217088K, reserved 1245184K
  class space    used 26533K, committed 27904K, reserved 1048576K
}
Event: 86.593 GC heap before
{Heap before GC invocations=103 (full 0):
 garbage-first heap   total 411648K, used 374877K [0x0000000080000000, 0x0000000100000000)
  region size 1024K, 129 young (132096K), 14 survivors (14336K)
 Metaspace       used 214306K, committed 217152K, reserved 1245184K
  class space    used 26535K, committed 27904K, reserved 1048576K
}

